
VCFtools - 0.1.14
(C) Adam Auton and Anthony Marcketta 2009

Parameters as interpreted:
	--gzvcf snps_lg12_phased_36.vcf.gz
	--weir-fst-pop pop.gumhon.txt
	--weir-fst-pop pop.indbel.txt
	--weir-fst-pop pop.nigbel.txt
	--weir-fst-pop pop.nighon.txt
	--weir-fst-pop pop.puebel.txt
	--weir-fst-pop pop.unibel.txt
	--keep pop.gumhon.txt
	--keep pop.indbel.txt
	--keep pop.nigbel.txt
	--keep pop.nighon.txt
	--keep pop.puebel.txt
	--keep pop.unibel.txt
	--stdout

Using zlib version: 1.2.7
Keeping individuals in 'keep' list
After filtering, kept 36 out of 36 Individuals
Outputting Weir and Cockerham Fst estimates.
Weir and Cockerham mean Fst estimate: 0.048728
Weir and Cockerham weighted Fst estimate: 0.052306
After filtering, kept 171490 out of a possible 171490 Sites
Run Time = 1.00 seconds
